2025-10-28 21:02:42,586 - INFO - HTTP Request: GET https://zenquotes.io/api/random "HTTP/1.1 200 OK"
2025-10-28 22:08:09,901 - INFO - HTTP Request: GET https://zenquotes.io/api/random "HTTP/1.1 200 OK"
2025-10-28 22:08:16,966 - INFO - HTTP Request: GET https://zenquotes.io/api/random "HTTP/1.1 200 OK"
2025-10-28 22:08:16,969 - INFO - HTTP Request: GET https://zenquotes.io/api/random "HTTP/1.1 200 OK"
2025-10-28 22:08:27,516 - INFO - HTTP Request: GET https://zenquotes.io/api/random "HTTP/1.1 200 OK"
2025-10-29 16:13:30,296 - INFO - HTTP Request: GET https://zenquotes.io/api/random "HTTP/1.1 200 OK"
2025-10-29 17:25:58,486 - INFO - HTTP Request: GET https://zenquotes.io/api/random "HTTP/1.1 200 OK"
2025-11-02 14:00:23,272 - INFO - HTTP Request: GET https://api.openweathermap.org/data/2.5/weather?q=Sofia&appid=%D1%82%D0%B2%D0%BE%D0%B9_api_%D0%BA%D0%BB%D1%8E%D1%87_%D0%BE%D1%82_openweathermap&units=metric&lang=bg "HTTP/1.1 401 Unauthorized"
2025-11-02 14:00:26,362 - INFO - HTTP Request: GET https://api.openweathermap.org/data/2.5/weather?q=Sofia&appid=%D1%82%D0%B2%D0%BE%D0%B9_api_%D0%BA%D0%BB%D1%8E%D1%87_%D0%BE%D1%82_openweathermap&units=metric&lang=bg "HTTP/1.1 401 Unauthorized"
2025-11-02 14:00:48,722 - INFO - HTTP Request: GET https://api.openweathermap.org/data/2.5/weather?q=Sofia&appid=%D1%82%D0%B2%D0%BE%D0%B9_api_%D0%BA%D0%BB%D1%8E%D1%87_%D0%BE%D1%82_openweathermap&units=metric&lang=bg "HTTP/1.1 401 Unauthorized"
2025-11-02 14:00:58,316 - INFO - HTTP Request: GET https://api.openweathermap.org/data/2.5/weather?q=Plovdiv&appid=%D1%82%D0%B2%D0%BE%D0%B9_api_%D0%BA%D0%BB%D1%8E%D1%87_%D0%BE%D1%82_openweathermap&units=metric&lang=bg "HTTP/1.1 401 Unauthorized"
2025-11-02 14:01:15,049 - INFO - HTTP Request: GET https://api.openweathermap.org/data/2.5/weather?q=Sofia&appid=%D1%82%D0%B2%D0%BE%D0%B9_api_%D0%BA%D0%BB%D1%8E%D1%87_%D0%BE%D1%82_openweathermap&units=metric&lang=bg "HTTP/1.1 401 Unauthorized"
2025-11-02 14:01:19,554 - INFO - HTTP Request: GET https://api.openweathermap.org/data/2.5/weather?q=Sofia&appid=%D1%82%D0%B2%D0%BE%D0%B9_api_%D0%BA%D0%BB%D1%8E%D1%87_%D0%BE%D1%82_openweathermap&units=metric&lang=bg "HTTP/1.1 401 Unauthorized"
2025-11-02 14:08:11,892 - INFO - HTTP Request: GET https://api.openweathermap.org/data/2.5/weather?q=Sofia&appid=%D0%A2%D0%92%D0%9E%D0%99_API_%D0%9A%D0%9B%D0%AE%D0%A7&units=metric&lang=bg "HTTP/1.1 401 Unauthorized"
2025-11-02 14:08:11,896 - INFO - HTTP Request: GET https://api.openweathermap.org/data/2.5/weather?q=Sofia&appid=%D0%A2%D0%92%D0%9E%D0%99_API_%D0%9A%D0%9B%D0%AE%D0%A7&units=metric&lang=bg "HTTP/1.1 401 Unauthorized"
2025-11-02 14:08:54,893 - INFO - HTTP Request: GET https://api.openweathermap.org/data/2.5/weather?q=Plovdiv&appid=efb8a26d6e005de9db4ec9146a4a3ea3&units=metric&lang=bg "HTTP/1.1 401 Unauthorized"
2025-11-02 14:08:55,020 - INFO - HTTP Request: GET https://api.openweathermap.org/data/2.5/weather?q=Plovdiv&appid=efb8a26d6e005de9db4ec9146a4a3ea3&units=metric&lang=bg "HTTP/1.1 401 Unauthorized"
2025-11-02 14:09:18,445 - INFO - HTTP Request: GET https://api.openweathermap.org/data/2.5/weather?q=Sofia&appid=efb8a26d6e005de9db4ec9146a4a3ea3&units=metric&lang=bg "HTTP/1.1 401 Unauthorized"
2025-11-02 14:12:55,074 - INFO - HTTP Request: GET https://api.openweathermap.org/data/2.5/weather?q=Sofia&appid=efb8a26d6e005de9db4ec9146a4a3ea3&units=metric&lang=bg "HTTP/1.1 401 Unauthorized"
2025-11-02 14:13:00,530 - INFO - HTTP Request: GET https://api.openweathermap.org/data/2.5/weather?q=Sofia&appid=efb8a26d6e005de9db4ec9146a4a3ea3&units=metric&lang=bg "HTTP/1.1 401 Unauthorized"
2025-11-02 14:13:04,997 - INFO - HTTP Request: GET https://api.openweathermap.org/data/2.5/weather?q=Sofia&appid=efb8a26d6e005de9db4ec9146a4a3ea3&units=metric&lang=bg "HTTP/1.1 401 Unauthorized"
2025-11-02 14:15:26,347 - INFO - HTTP Request: GET https://api.openweathermap.org/data/2.5/weather?q=Sofia&appid=efb8a26d6e005de9db4ec9146a4a3ea3&units=metric&lang=bg "HTTP/1.1 401 Unauthorized"
2025-11-02 14:15:31,730 - INFO - HTTP Request: GET https://api.openweathermap.org/data/2.5/weather?q=Sofia&appid=efb8a26d6e005de9db4ec9146a4a3ea3&units=metric&lang=bg "HTTP/1.1 401 Unauthorized"
2025-11-02 14:16:05,629 - INFO - HTTP Request: GET https://api.openweathermap.org/data/2.5/weather?q=Sofia&appid=efb8a26d6e005de9db4ec9146a4a3ea3&units=metric&lang=bg "HTTP/1.1 401 Unauthorized"
2025-11-02 14:16:11,959 - INFO - HTTP Request: GET https://api.openweathermap.org/data/2.5/weather?q=Sofia&appid=efb8a26d6e005de9db4ec9146a4a3ea3&units=metric&lang=bg "HTTP/1.1 401 Unauthorized"
2025-11-02 14:17:57,394 - INFO - HTTP Request: GET https://api.openweathermap.org/data/2.5/weather?q=Sofia&appid=14892b019034b541cad4d442386fcf10&units=metric&lang=bg "HTTP/1.1 401 Unauthorized"
2025-11-02 14:18:02,669 - INFO - HTTP Request: GET https://api.openweathermap.org/data/2.5/weather?q=Sofia&appid=14892b019034b541cad4d442386fcf10&units=metric&lang=bg "HTTP/1.1 401 Unauthorized"
2025-11-02 14:22:32,423 - INFO - HTTP Request: GET https://api.openweathermap.org/data/2.5/weather?q=Sofia&appid=14892b019034b541cad4d442386fcf10&units=metric&lang=bg "HTTP/1.1 401 Unauthorized"
2025-11-02 14:22:38,294 - INFO - HTTP Request: GET https://api.openweathermap.org/data/2.5/weather?q=Sofia&appid=14892b019034b541cad4d442386fcf10&units=metric&lang=bg "HTTP/1.1 401 Unauthorized"
2025-11-02 14:32:27,304 - INFO - HTTP Request: GET https://api.openweathermap.org/data/2.5/weather?q=Sofia&appid=14892b019034b541cad4d442386fcf10&units=metric&lang=bg "HTTP/1.1 401 Unauthorized"
2025-11-02 14:32:53,099 - INFO - HTTP Request: GET https://api.openweathermap.org/data/2.5/weather?q=Sofia&appid=14892b019034b541cad4d442386fcf10&units=metric&lang=bg "HTTP/1.1 401 Unauthorized"
2025-11-02 14:33:03,152 - INFO - HTTP Request: GET https://api.openweathermap.org/data/2.5/weather?q=Sofia&appid=14892b019034b541cad4d442386fcf10&units=metric&lang=bg "HTTP/1.1 401 Unauthorized"
2025-11-02 14:41:15,866 - INFO - HTTP Request: GET https://api.openweathermap.org/data/2.5/weather?q=Sofia&appid=0216d151229995ebd5fe3681c34794fc&units=metric&lang=bg "HTTP/1.1 401 Unauthorized"
2025-11-02 14:41:23,537 - INFO - HTTP Request: GET https://api.openweathermap.org/data/2.5/weather?q=Sofia&appid=0216d151229995ebd5fe3681c34794fc&units=metric&lang=bg "HTTP/1.1 401 Unauthorized"
2025-11-02 14:41:28,629 - INFO - HTTP Request: GET https://api.openweathermap.org/data/2.5/weather?q=Plovdiv&appid=0216d151229995ebd5fe3681c34794fc&units=metric&lang=bg "HTTP/1.1 401 Unauthorized"
2025-11-02 14:55:50,698 - INFO - HTTP Request: GET https://api.openweathermap.org/data/2.5/weather?q=Plovdiv&appid=0216d151229995ebd5fe3681c34794fc&units=metric&lang=bg "HTTP/1.1 200 OK"
2025-11-02 14:55:59,321 - INFO - HTTP Request: GET https://zenquotes.io/api/random "HTTP/1.1 200 OK"
2025-11-02 14:56:05,579 - INFO - HTTP Request: GET https://api.openweathermap.org/data/2.5/weather?q=Sofia&appid=0216d151229995ebd5fe3681c34794fc&units=metric&lang=bg "HTTP/1.1 200 OK"
2025-11-02 14:56:16,530 - INFO - HTTP Request: GET https://api.openweathermap.org/data/2.5/weather?q=Plovdiv&appid=0216d151229995ebd5fe3681c34794fc&units=metric&lang=bg "HTTP/1.1 200 OK"
2025-11-02 14:57:55,027 - INFO - HTTP Request: GET https://api.openweathermap.org/data/2.5/weather?q=%D0%9F%D0%BB%D0%B5%D0%B2%D0%B5%D0%BD&appid=0216d151229995ebd5fe3681c34794fc&units=metric&lang=bg "HTTP/1.1 200 OK"
2025-11-02 14:58:02,611 - INFO - HTTP Request: GET https://api.openweathermap.org/data/2.5/weather?q=%D0%94%D1%83%D0%B1%D0%B0%D1%86&appid=0216d151229995ebd5fe3681c34794fc&units=metric&lang=bg "HTTP/1.1 200 OK"
2025-11-02 14:58:06,532 - INFO - HTTP Request: GET https://api.openweathermap.org/data/2.5/weather?q=%D0%94%D1%83%D0%B1%D0%B0%D0%B9&appid=0216d151229995ebd5fe3681c34794fc&units=metric&lang=bg "HTTP/1.1 200 OK"
2025-11-02 15:04:03,795 - INFO - HTTP Request: GET https://zenquotes.io/api/random "HTTP/1.1 200 OK"
2025-11-03 18:27:24,082 - INFO - HTTP Request: GET https://api.openweathermap.org/data/2.5/weather?q=sofia&appid=0216d151229995ebd5fe3681c34794fc&units=metric&lang=bg "HTTP/1.1 200 OK"
2025-11-03 18:27:30,099 - INFO - HTTP Request: GET https://zenquotes.io/api/random "HTTP/1.1 200 OK"
2025-11-05 16:06:02,851 - INFO - HTTP Request: GET https://api.openweathermap.org/data/2.5/weather?q=Sofia&appid=0216d151229995ebd5fe3681c34794fc&units=metric&lang=bg "HTTP/1.1 200 OK"
2025-11-05 16:06:17,402 - INFO - HTTP Request: GET https://api.openweathermap.org/data/2.5/weather?q=plovdiv&appid=0216d151229995ebd5fe3681c34794fc&units=metric&lang=bg "HTTP/1.1 200 OK"
2025-11-05 16:07:19,543 - INFO - HTTP Request: GET https://zenquotes.io/api/random "HTTP/1.1 200 OK"
2025-11-05 16:07:34,197 - INFO - HTTP Request: GET https://zenquotes.io/api/random "HTTP/1.1 200 OK"
2025-11-05 16:08:08,704 - INFO - HTTP Request: GET https://api.openweathermap.org/data/2.5/weather?q=sofia&appid=0216d151229995ebd5fe3681c34794fc&units=metric&lang=bg "HTTP/1.1 200 OK"
2025-11-05 16:13:55,107 - INFO - HTTP Request: GET https://zenquotes.io/api/random "HTTP/1.1 200 OK"
2025-11-05 16:13:55,115 - INFO - HTTP Request: GET https://zenquotes.io/api/random "HTTP/1.1 200 OK"
2025-11-05 16:15:30,139 - INFO - HTTP Request: GET https://api.openweathermap.org/data/2.5/weather?q=%D0%BF%D0%BB%D0%BE%D0%B2%D0%B4%D0%B8%D0%B2&appid=0216d151229995ebd5fe3681c34794fc&units=metric&lang=bg "HTTP/1.1 200 OK"
2025-11-05 16:18:48,665 - INFO - HTTP Request: GET https://zenquotes.io/api/random "HTTP/1.1 200 OK"
2025-11-05 16:18:48,677 - INFO - HTTP Request: GET https://zenquotes.io/api/random "HTTP/1.1 200 OK"
2025-11-05 16:20:27,701 - INFO - HTTP Request: GET https://zenquotes.io/api/random "HTTP/1.1 200 OK"
2025-11-05 16:21:07,215 - INFO - HTTP Request: GET https://zenquotes.io/api/random "HTTP/1.1 200 OK"
2025-11-05 16:23:44,507 - INFO - HTTP Request: GET https://zenquotes.io/api/random "HTTP/1.1 200 OK"
2025-11-05 16:27:16,947 - INFO - HTTP Request: GET https://zenquotes.io/api/random "HTTP/1.1 200 OK"
2025-11-05 16:27:26,433 - INFO - HTTP Request: GET https://api.openweathermap.org/data/2.5/weather?q=Plovdiv&appid=0216d151229995ebd5fe3681c34794fc&units=metric&lang=bg "HTTP/1.1 200 OK"
2025-11-05 16:33:21,873 - INFO - HTTP Request: GET https://zenquotes.io/api/random "HTTP/1.1 200 OK"
2025-11-05 16:33:28,402 - INFO - HTTP Request: GET https://zenquotes.io/api/random "HTTP/1.1 200 OK"
2025-11-05 16:39:09,146 - INFO - HTTP Request: GET https://api.openweathermap.org/data/2.5/weather?q=%D0%B1%D0%BE%D0%BB%D0%B3%D1%80%D0%B0%D0%B4&appid=0216d151229995ebd5fe3681c34794fc&units=metric&lang=bg "HTTP/1.1 200 OK"
2025-11-05 16:43:24,559 - INFO - HTTP Request: GET https://api.openweathermap.org/data/2.5/weather?q=%D0%B1%D0%BE%D0%BB%D0%B3%D1%80%D0%B0%D0%B4&appid=0216d151229995ebd5fe3681c34794fc&units=metric&lang=bg "HTTP/1.1 200 OK"
2025-11-05 16:44:07,502 - INFO - HTTP Request: GET https://api.openweathermap.org/data/2.5/weather?q=%D0%B1%D0%BE%D0%BB%D0%B3%D1%80%D0%B0%D0%B4&appid=0216d151229995ebd5fe3681c34794fc&units=metric&lang=bg "HTTP/1.1 200 OK"
2025-11-05 16:44:15,517 - INFO - HTTP Request: GET https://api.openweathermap.org/data/2.5/weather?q=Plovdiv&appid=0216d151229995ebd5fe3681c34794fc&units=metric&lang=bg "HTTP/1.1 200 OK"
2025-11-05 16:44:53,354 - INFO - HTTP Request: GET https://zenquotes.io/api/random "HTTP/1.1 200 OK"
2025-11-05 17:18:31,822 - INFO - HTTP Request: GET https://zenquotes.io/api/random "HTTP/1.1 200 OK"
2025-11-05 18:09:32,870 - INFO - HTTP Request: GET https://zenquotes.io/api/random "HTTP/1.1 200 OK"
2025-11-05 18:09:36,759 - INFO - HTTP Request: GET https://zenquotes.io/api/random "HTTP/1.1 200 OK"
2025-11-05 18:22:49,258 - INFO - HTTP Request: GET https://zenquotes.io/api/random "HTTP/1.1 200 OK"
2025-11-05 18:22:56,296 - INFO - HTTP Request: GET https://api.openweathermap.org/data/2.5/weather?q=Sofia&appid=0216d151229995ebd5fe3681c34794fc&units=metric&lang=bg "HTTP/1.1 200 OK"
2025-11-05 18:23:06,594 - INFO - HTTP Request: GET https://api.openweathermap.org/data/2.5/weather?q=Plovdiv&appid=0216d151229995ebd5fe3681c34794fc&units=metric&lang=bg "HTTP/1.1 200 OK"
2025-11-05 18:23:56,718 - INFO - HTTP Request: GET https://zenquotes.io/api/random "HTTP/1.1 200 OK"
2025-11-05 19:02:37,339 - INFO - HTTP Request: GET https://zenquotes.io/api/random "HTTP/1.1 200 OK"
2025-11-05 19:02:37,353 - INFO - HTTP Request: GET https://zenquotes.io/api/random "HTTP/1.1 200 OK"
2025-11-06 21:27:28,510 - INFO - HTTP Request: GET https://zenquotes.io/api/random "HTTP/1.1 200 OK"
2025-11-07 18:54:00,351 - INFO - HTTP Request: GET https://zenquotes.io/api/random "HTTP/1.1 200 OK"
2025-11-07 19:27:00,685 - INFO - HTTP Request: GET https://zenquotes.io/api/random "HTTP/1.1 200 OK"
2025-11-07 19:27:07,956 - INFO - HTTP Request: GET https://zenquotes.io/api/random "HTTP/1.1 200 OK"
2025-11-07 19:27:14,483 - INFO - HTTP Request: GET https://api.openweathermap.org/data/2.5/weather?q=Sofia&appid=0216d151229995ebd5fe3681c34794fc&units=metric&lang=bg "HTTP/1.1 200 OK"
2025-11-07 19:30:11,449 - INFO - HTTP Request: GET https://zenquotes.io/api/random "HTTP/1.1 200 OK"
2025-11-07 19:31:25,685 - INFO - HTTP Request: GET https://zenquotes.io/api/random "HTTP/1.1 200 OK"
2025-11-07 21:31:11,410 - INFO - HTTP Request: GET https://zenquotes.io/api/random "HTTP/1.1 200 OK"
2025-11-07 23:15:43,928 - INFO - HTTP Request: GET https://zenquotes.io/api/random "HTTP/1.1 200 OK"
2025-11-07 23:16:21,999 - INFO - HTTP Request: GET https://zenquotes.io/api/random "HTTP/1.1 200 OK"
2025-11-07 23:16:26,041 - INFO - HTTP Request: GET https://zenquotes.io/api/random "HTTP/1.1 200 OK"
2025-11-07 23:16:56,332 - INFO - HTTP Request: GET https://api.openweathermap.org/data/2.5/weather?q=%D0%94%D1%83%D0%B1%D0%B0%D0%B9&appid=0216d151229995ebd5fe3681c34794fc&units=metric&lang=bg "HTTP/1.1 200 OK"
2025-11-07 23:17:35,261 - INFO - HTTP Request: GET https://zenquotes.io/api/random "HTTP/1.1 200 OK"
2025-11-07 23:17:55,669 - INFO - HTTP Request: GET https://api.openweathermap.org/data/2.5/weather?q=%D1%81%D1%82%D0%B0%D1%80%D0%B0+%D0%B7%D0%B0%D0%B3%D0%BE%D1%80%D0%B0&appid=0216d151229995ebd5fe3681c34794fc&units=metric&lang=bg "HTTP/1.1 200 OK"
2025-11-07 23:18:12,685 - INFO - HTTP Request: GET https://api.openweathermap.org/data/2.5/weather?q=%D0%BF%D0%BB%D0%BE%D0%B2%D0%B4%D0%B8%D0%B2&appid=0216d151229995ebd5fe3681c34794fc&units=metric&lang=bg "HTTP/1.1 200 OK"
2025-11-07 23:20:30,388 - INFO - HTTP Request: GET https://zenquotes.io/api/random "HTTP/1.1 200 OK"
2025-11-08 23:55:51,766 - INFO - HTTP Request: GET https://zenquotes.io/api/random "HTTP/1.1 200 OK"
2025-11-08 23:58:13,820 - INFO - HTTP Request: GET https://api.openweathermap.org/data/2.5/weather?q=Plovdiv&appid=0216d151229995ebd5fe3681c34794fc&units=metric&lang=bg "HTTP/1.1 200 OK"
